<?xml version="1.0" encoding="UTF-8"?>
<!-- Generated by org.testng.reporters.JUnitReportReporter -->
<testsuite hostname="Nikhils-MacBook-Air.local" failures="0" tests="3" name="com.zoho.COustoner$Customermodule" time="0.010" errors="0" timestamp="2023-08-28T17:46:04 IST" skipped="0">
  <testcase classname="com.zoho.COustoner$Customermodule" name="ccustomer" time="0.008">
    <system-out>
      <![CDATA[Customermodule]]>
    </system-out>
  </testcase> <!-- ccustomer -->
  <testcase classname="com.zoho.COustoner$Customermodule" name="mustomer" time="0.001">
    <system-out>
      <![CDATA[modifycustomer]]>
    </system-out>
  </testcase> <!-- mustomer -->
  <testcase classname="com.zoho.COustoner$Customermodule" name="deltomer" time="0.001">
    <system-out>
      <![CDATA[deletecustomer]]>
    </system-out>
  </testcase> <!-- deltomer -->
  <system-out>
    <![CDATA[Customermodule
deletecustomer
modifycustomer]]>
  </system-out>
</testsuite> <!-- com.zoho.COustoner$Customermodule -->
