<?xml version="1.0" encoding="UTF-8"?>
<!-- Generated by org.testng.reporters.JUnitReportReporter -->
<testsuite hostname="Nikhils-MacBook-Air.local" failures="0" tests="3" name="com.actitime.Customermodule" time="0.017" errors="0" timestamp="2023-08-31T15:57:20 IST" skipped="0">
  <testcase classname="com.actitime.Customermodule" name="deletecustomer" time="0.005">
    <system-out>
      <![CDATA[deletecustomer]]>
    </system-out>
  </testcase> <!-- deletecustomer -->
  <testcase classname="com.actitime.Customermodule" name="modifycustomer" time="0.003">
    <system-out>
      <![CDATA[modifycustomer]]>
    </system-out>
  </testcase> <!-- modifycustomer -->
  <testcase classname="com.actitime.Customermodule" name="createcustomer" time="0.009">
    <system-out>
      <![CDATA[Customermodule]]>
    </system-out>
  </testcase> <!-- createcustomer -->
  <system-out>
    <![CDATA[OB
login
Customermodule
logout
login
deletecustomer
logout
login
modifycustomer
logout
CB]]>
  </system-out>
</testsuite> <!-- com.actitime.Customermodule -->
