<?xml version="1.0" encoding="UTF-8"?>
<!-- Generated by org.testng.reporters.JUnitReportReporter -->
<testsuite hostname="Nikhils-MacBook-Air.local" failures="0" tests="3" name="com.actitime.projectmodule" time="0.013" errors="0" timestamp="2023-08-31T11:26:13 IST" skipped="0">
  <testcase classname="com.actitime.projectmodule" name="createproject" time="0.007">
    <system-out>
      <![CDATA[createproject]]>
    </system-out>
  </testcase> <!-- createproject -->
  <testcase classname="com.actitime.projectmodule" name="modifyproject" time="0.005">
    <system-out>
      <![CDATA[createproject]]>
    </system-out>
  </testcase> <!-- modifyproject -->
  <testcase classname="com.actitime.projectmodule" name="deleteproject" time="0.001">
    <system-out>
      <![CDATA[createproject]]>
    </system-out>
  </testcase> <!-- deleteproject -->
  <system-out>
    <![CDATA[OB
login
createproject
logout
login
createproject
logout
login
createproject
logout
CB]]>
  </system-out>
</testsuite> <!-- com.actitime.projectmodule -->
